# Logfile created on 2014-01-03 12:44:15 +0800 by logger.rb/31641
I, [2014-01-03T12:44:15.960177 #2062]  INFO -- : 0:  i18n (0.6.9) from /Users/xieyu/.rvm/gems/ruby-2.0.0-p353/specifications/i18n-0.6.9.gemspec
I, [2014-01-03T12:44:15.960642 #2062]  INFO -- : 0:  minitest (4.7.5) from /Users/xieyu/.rvm/gems/ruby-2.0.0-p353/specifications/minitest-4.7.5.gemspec
I, [2014-01-03T12:44:15.960955 #2062]  INFO -- : 0:  multi_json (1.8.2) from /Users/xieyu/.rvm/gems/ruby-2.0.0-p353/specifications/multi_json-1.8.2.gemspec
I, [2014-01-03T12:44:15.961251 #2062]  INFO -- : 0:  atomic (1.1.14) from /Users/xieyu/.rvm/gems/ruby-2.0.0-p353/specifications/atomic-1.1.14.gemspec
I, [2014-01-03T12:44:15.961546 #2062]  INFO -- : 0:  thread_safe (0.1.3) from /Users/xieyu/.rvm/gems/ruby-2.0.0-p353/specifications/thread_safe-0.1.3.gemspec
I, [2014-01-03T12:44:15.961812 #2062]  INFO -- : 0:  tzinfo (0.3.38) from /Users/xieyu/.rvm/gems/ruby-2.0.0-p353/specifications/tzinfo-0.3.38.gemspec
I, [2014-01-03T12:44:30.131257 #2062]  INFO -- : 0:  activesupport (4.0.2) from /Users/xieyu/.rvm/gems/ruby-2.0.0-p353/specifications/activesupport-4.0.2.gemspec
I, [2014-01-03T12:44:30.131884 #2062]  INFO -- : 0:  builder (3.1.4) from /Users/xieyu/.rvm/gems/ruby-2.0.0-p353/specifications/builder-3.1.4.gemspec
I, [2014-01-03T12:44:32.135880 #2062]  INFO -- : 0:  activemodel (4.0.2) from /Users/xieyu/.rvm/gems/ruby-2.0.0-p353/specifications/activemodel-4.0.2.gemspec
I, [2014-01-03T12:44:32.136374 #2062]  INFO -- : 0:  activerecord-deprecated_finders (1.0.3) from /Users/xieyu/.rvm/gems/ruby-2.0.0-p353/specifications/activerecord-deprecated_finders-1.0.3.gemspec
I, [2014-01-03T12:44:32.136664 #2062]  INFO -- : 0:  arel (4.0.1) from /Users/xieyu/.rvm/gems/ruby-2.0.0-p353/specifications/arel-4.0.1.gemspec
I, [2014-01-03T12:44:41.243218 #2062]  INFO -- : 0:  activerecord (4.0.2) from /Users/xieyu/.rvm/gems/ruby-2.0.0-p353/specifications/activerecord-4.0.2.gemspec
I, [2014-01-03T12:44:41.243605 #2062]  INFO -- : 0:  mysql2 (0.3.14) from /Users/xieyu/.rvm/gems/ruby-2.0.0-p353/specifications/mysql2-0.3.14.gemspec
I, [2014-01-03T12:44:41.243859 #2062]  INFO -- : 0:  rack (1.5.2) from /Users/xieyu/.rvm/gems/ruby-2.0.0-p353/specifications/rack-1.5.2.gemspec
I, [2014-01-03T12:44:42.948069 #2062]  INFO -- : 0:  rack-protection (1.5.1) from /Users/xieyu/.rvm/gems/ruby-2.0.0-p353/specifications/rack-protection-1.5.1.gemspec
I, [2014-01-03T12:45:17.316013 #2062]  INFO -- : 0:  sequel (4.5.0) from /Users/xieyu/.rvm/gems/ruby-2.0.0-p353/specifications/sequel-4.5.0.gemspec
I, [2014-01-03T12:45:17.316725 #2062]  INFO -- : 0:  tilt (1.4.1) from /Users/xieyu/.rvm/gems/ruby-2.0.0-p353/specifications/tilt-1.4.1.gemspec
I, [2014-01-03T12:45:24.451729 #2062]  INFO -- : 0:  sinatra (1.4.4) from /Users/xieyu/.rvm/gems/ruby-2.0.0-p353/specifications/sinatra-1.4.4.gemspec
I, [2014-01-03T12:45:24.452177 #2062]  INFO -- : 0:  bundler (1.5.1) from /Users/xieyu/.rvm/gems/ruby-2.0.0-p353@global/specifications/bundler-1.5.1.gemspec
I, [2014-01-06T10:27:32.381837 #2061]  INFO -- : 0:  i18n (0.6.9) from /Users/xieyu/.rvm/gems/ruby-2.0.0-p353/specifications/i18n-0.6.9.gemspec
I, [2014-01-06T10:27:32.386351 #2061]  INFO -- : 0:  minitest (4.7.5) from /Users/xieyu/.rvm/gems/ruby-2.0.0-p353/specifications/minitest-4.7.5.gemspec
I, [2014-01-06T10:27:32.386876 #2061]  INFO -- : 0:  multi_json (1.8.2) from /Users/xieyu/.rvm/gems/ruby-2.0.0-p353/specifications/multi_json-1.8.2.gemspec
I, [2014-01-06T10:27:32.387355 #2061]  INFO -- : 0:  atomic (1.1.14) from /Users/xieyu/.rvm/gems/ruby-2.0.0-p353/specifications/atomic-1.1.14.gemspec
I, [2014-01-06T10:27:32.387830 #2061]  INFO -- : 0:  thread_safe (0.1.3) from /Users/xieyu/.rvm/gems/ruby-2.0.0-p353/specifications/thread_safe-0.1.3.gemspec
I, [2014-01-06T10:27:32.388252 #2061]  INFO -- : 0:  tzinfo (0.3.38) from /Users/xieyu/.rvm/gems/ruby-2.0.0-p353/specifications/tzinfo-0.3.38.gemspec
I, [2014-01-06T10:27:32.388570 #2061]  INFO -- : 0:  activesupport (4.0.2) from /Users/xieyu/.rvm/gems/ruby-2.0.0-p353/specifications/activesupport-4.0.2.gemspec
I, [2014-01-06T10:27:32.388847 #2061]  INFO -- : 0:  builder (3.1.4) from /Users/xieyu/.rvm/gems/ruby-2.0.0-p353/specifications/builder-3.1.4.gemspec
I, [2014-01-06T10:27:32.389135 #2061]  INFO -- : 0:  activemodel (4.0.2) from /Users/xieyu/.rvm/gems/ruby-2.0.0-p353/specifications/activemodel-4.0.2.gemspec
I, [2014-01-06T10:27:32.389418 #2061]  INFO -- : 0:  activerecord-deprecated_finders (1.0.3) from /Users/xieyu/.rvm/gems/ruby-2.0.0-p353/specifications/activerecord-deprecated_finders-1.0.3.gemspec
I, [2014-01-06T10:27:32.389706 #2061]  INFO -- : 0:  arel (4.0.1) from /Users/xieyu/.rvm/gems/ruby-2.0.0-p353/specifications/arel-4.0.1.gemspec
I, [2014-01-06T10:27:32.389994 #2061]  INFO -- : 0:  activerecord (4.0.2) from /Users/xieyu/.rvm/gems/ruby-2.0.0-p353/specifications/activerecord-4.0.2.gemspec
I, [2014-01-06T10:27:32.390278 #2061]  INFO -- : 0:  mysql2 (0.3.14) from /Users/xieyu/.rvm/gems/ruby-2.0.0-p353/specifications/mysql2-0.3.14.gemspec
I, [2014-01-06T10:27:32.390559 #2061]  INFO -- : 0:  rack (1.5.2) from /Users/xieyu/.rvm/gems/ruby-2.0.0-p353/specifications/rack-1.5.2.gemspec
I, [2014-01-06T10:27:32.390841 #2061]  INFO -- : 0:  rack-protection (1.5.1) from /Users/xieyu/.rvm/gems/ruby-2.0.0-p353/specifications/rack-protection-1.5.1.gemspec
I, [2014-01-06T10:27:32.391124 #2061]  INFO -- : 0:  sequel (4.5.0) from /Users/xieyu/.rvm/gems/ruby-2.0.0-p353/specifications/sequel-4.5.0.gemspec
I, [2014-01-06T10:27:32.391403 #2061]  INFO -- : 0:  tilt (1.4.1) from /Users/xieyu/.rvm/gems/ruby-2.0.0-p353/specifications/tilt-1.4.1.gemspec
I, [2014-01-06T10:27:32.391718 #2061]  INFO -- : 0:  sinatra (1.4.4) from /Users/xieyu/.rvm/gems/ruby-2.0.0-p353/specifications/sinatra-1.4.4.gemspec
I, [2014-01-06T10:27:33.939884 #2061]  INFO -- : 0:  sinatra-activerecord (1.2.3) from /Users/xieyu/.rvm/gems/ruby-2.0.0-p353/specifications/sinatra-activerecord-1.2.3.gemspec
I, [2014-01-06T10:27:33.940268 #2061]  INFO -- : 0:  bundler (1.5.1) from /Users/xieyu/.rvm/gems/ruby-2.0.0-p353@global/specifications/bundler-1.5.1.gemspec
I, [2014-01-06T14:11:22.470811 #3358]  INFO -- : 0:  i18n (0.6.9) from /Users/xieyu/.rvm/gems/ruby-2.0.0-p353/specifications/i18n-0.6.9.gemspec
I, [2014-01-06T14:11:22.475540 #3358]  INFO -- : 0:  minitest (4.7.5) from /Users/xieyu/.rvm/gems/ruby-2.0.0-p353/specifications/minitest-4.7.5.gemspec
I, [2014-01-06T14:11:22.489005 #3358]  INFO -- : 0:  multi_json (1.8.2) from /Users/xieyu/.rvm/gems/ruby-2.0.0-p353/specifications/multi_json-1.8.2.gemspec
I, [2014-01-06T14:11:22.489381 #3358]  INFO -- : 0:  atomic (1.1.14) from /Users/xieyu/.rvm/gems/ruby-2.0.0-p353/specifications/atomic-1.1.14.gemspec
I, [2014-01-06T14:11:22.489653 #3358]  INFO -- : 0:  thread_safe (0.1.3) from /Users/xieyu/.rvm/gems/ruby-2.0.0-p353/specifications/thread_safe-0.1.3.gemspec
I, [2014-01-06T14:11:22.489926 #3358]  INFO -- : 0:  tzinfo (0.3.38) from /Users/xieyu/.rvm/gems/ruby-2.0.0-p353/specifications/tzinfo-0.3.38.gemspec
I, [2014-01-06T14:11:22.490212 #3358]  INFO -- : 0:  activesupport (4.0.2) from /Users/xieyu/.rvm/gems/ruby-2.0.0-p353/specifications/activesupport-4.0.2.gemspec
I, [2014-01-06T14:11:22.490468 #3358]  INFO -- : 0:  builder (3.1.4) from /Users/xieyu/.rvm/gems/ruby-2.0.0-p353/specifications/builder-3.1.4.gemspec
I, [2014-01-06T14:11:22.490722 #3358]  INFO -- : 0:  activemodel (4.0.2) from /Users/xieyu/.rvm/gems/ruby-2.0.0-p353/specifications/activemodel-4.0.2.gemspec
I, [2014-01-06T14:11:22.490987 #3358]  INFO -- : 0:  activerecord-deprecated_finders (1.0.3) from /Users/xieyu/.rvm/gems/ruby-2.0.0-p353/specifications/activerecord-deprecated_finders-1.0.3.gemspec
I, [2014-01-06T14:11:22.491244 #3358]  INFO -- : 0:  arel (4.0.1) from /Users/xieyu/.rvm/gems/ruby-2.0.0-p353/specifications/arel-4.0.1.gemspec
I, [2014-01-06T14:11:22.491535 #3358]  INFO -- : 0:  activerecord (4.0.2) from /Users/xieyu/.rvm/gems/ruby-2.0.0-p353/specifications/activerecord-4.0.2.gemspec
I, [2014-01-06T14:11:24.388547 #3358]  INFO -- : 0:  daemons (1.1.9) from /Users/xieyu/.rvm/gems/ruby-2.0.0-p353/specifications/daemons-1.1.9.gemspec
I, [2014-01-06T14:11:38.189448 #3358]  INFO -- : 0:  eventmachine (1.0.3) from /Users/xieyu/.rvm/gems/ruby-2.0.0-p353/specifications/eventmachine-1.0.3.gemspec
I, [2014-01-06T14:11:38.190053 #3358]  INFO -- : 0:  mysql2 (0.3.14) from /Users/xieyu/.rvm/gems/ruby-2.0.0-p353/specifications/mysql2-0.3.14.gemspec
I, [2014-01-06T14:11:38.190434 #3358]  INFO -- : 0:  rack (1.5.2) from /Users/xieyu/.rvm/gems/ruby-2.0.0-p353/specifications/rack-1.5.2.gemspec
I, [2014-01-06T14:11:38.190792 #3358]  INFO -- : 0:  rack-protection (1.5.1) from /Users/xieyu/.rvm/gems/ruby-2.0.0-p353/specifications/rack-protection-1.5.1.gemspec
I, [2014-01-06T14:11:38.191123 #3358]  INFO -- : 0:  sequel (4.5.0) from /Users/xieyu/.rvm/gems/ruby-2.0.0-p353/specifications/sequel-4.5.0.gemspec
I, [2014-01-06T14:11:38.191444 #3358]  INFO -- : 0:  tilt (1.4.1) from /Users/xieyu/.rvm/gems/ruby-2.0.0-p353/specifications/tilt-1.4.1.gemspec
I, [2014-01-06T14:11:38.191855 #3358]  INFO -- : 0:  sinatra (1.4.4) from /Users/xieyu/.rvm/gems/ruby-2.0.0-p353/specifications/sinatra-1.4.4.gemspec
I, [2014-01-06T14:11:38.192249 #3358]  INFO -- : 0:  sinatra-activerecord (1.2.3) from /Users/xieyu/.rvm/gems/ruby-2.0.0-p353/specifications/sinatra-activerecord-1.2.3.gemspec
I, [2014-01-06T14:11:43.354691 #3358]  INFO -- : 0:  thin (1.6.1) from /Users/xieyu/.rvm/gems/ruby-2.0.0-p353/specifications/thin-1.6.1.gemspec
I, [2014-01-06T14:11:43.355222 #3358]  INFO -- : 0:  bundler (1.5.1) from /Users/xieyu/.rvm/gems/ruby-2.0.0-p353@global/specifications/bundler-1.5.1.gemspec
I, [2014-01-07T10:46:56.400180 #1464]  INFO -- : 0:  i18n (0.6.9) from /Users/xieyu/.rvm/gems/ruby-2.0.0-p353/specifications/i18n-0.6.9.gemspec
I, [2014-01-07T10:46:56.404152 #1464]  INFO -- : 0:  minitest (4.7.5) from /Users/xieyu/.rvm/gems/ruby-2.0.0-p353/specifications/minitest-4.7.5.gemspec
I, [2014-01-07T10:46:56.404769 #1464]  INFO -- : 0:  multi_json (1.8.2) from /Users/xieyu/.rvm/gems/ruby-2.0.0-p353/specifications/multi_json-1.8.2.gemspec
I, [2014-01-07T10:46:56.405215 #1464]  INFO -- : 0:  atomic (1.1.14) from /Users/xieyu/.rvm/gems/ruby-2.0.0-p353/specifications/atomic-1.1.14.gemspec
I, [2014-01-07T10:46:56.405656 #1464]  INFO -- : 0:  thread_safe (0.1.3) from /Users/xieyu/.rvm/gems/ruby-2.0.0-p353/specifications/thread_safe-0.1.3.gemspec
I, [2014-01-07T10:46:56.406097 #1464]  INFO -- : 0:  tzinfo (0.3.38) from /Users/xieyu/.rvm/gems/ruby-2.0.0-p353/specifications/tzinfo-0.3.38.gemspec
I, [2014-01-07T10:46:56.406545 #1464]  INFO -- : 0:  activesupport (4.0.2) from /Users/xieyu/.rvm/gems/ruby-2.0.0-p353/specifications/activesupport-4.0.2.gemspec
I, [2014-01-07T10:46:56.406993 #1464]  INFO -- : 0:  builder (3.1.4) from /Users/xieyu/.rvm/gems/ruby-2.0.0-p353/specifications/builder-3.1.4.gemspec
I, [2014-01-07T10:46:56.407338 #1464]  INFO -- : 0:  activemodel (4.0.2) from /Users/xieyu/.rvm/gems/ruby-2.0.0-p353/specifications/activemodel-4.0.2.gemspec
I, [2014-01-07T10:46:56.407631 #1464]  INFO -- : 0:  activerecord-deprecated_finders (1.0.3) from /Users/xieyu/.rvm/gems/ruby-2.0.0-p353/specifications/activerecord-deprecated_finders-1.0.3.gemspec
I, [2014-01-07T10:46:56.407907 #1464]  INFO -- : 0:  arel (4.0.1) from /Users/xieyu/.rvm/gems/ruby-2.0.0-p353/specifications/arel-4.0.1.gemspec
I, [2014-01-07T10:46:56.408186 #1464]  INFO -- : 0:  activerecord (4.0.2) from /Users/xieyu/.rvm/gems/ruby-2.0.0-p353/specifications/activerecord-4.0.2.gemspec
I, [2014-01-07T10:46:58.704176 #1464]  INFO -- : 0:  timers (1.1.0) from /Users/xieyu/.rvm/gems/ruby-2.0.0-p353/specifications/timers-1.1.0.gemspec
I, [2014-01-07T10:47:00.907126 #1464]  INFO -- : 0:  celluloid (0.15.2) from /Users/xieyu/.rvm/gems/ruby-2.0.0-p353/specifications/celluloid-0.15.2.gemspec
I, [2014-01-07T10:47:03.336597 #1464]  INFO -- : 0:  connection_pool (1.2.0) from /Users/xieyu/.rvm/gems/ruby-2.0.0-p353/specifications/connection_pool-1.2.0.gemspec
I, [2014-01-07T10:47:03.337003 #1464]  INFO -- : 0:  daemons (1.1.9) from /Users/xieyu/.rvm/gems/ruby-2.0.0-p353/specifications/daemons-1.1.9.gemspec
I, [2014-01-07T10:47:03.337311 #1464]  INFO -- : 0:  eventmachine (1.0.3) from /Users/xieyu/.rvm/gems/ruby-2.0.0-p353/specifications/eventmachine-1.0.3.gemspec
I, [2014-01-07T10:47:03.337584 #1464]  INFO -- : 0:  json (1.8.1) from /Users/xieyu/.rvm/gems/ruby-2.0.0-p353/specifications/json-1.8.1.gemspec
I, [2014-01-07T10:47:03.337821 #1464]  INFO -- : 0:  mysql2 (0.3.14) from /Users/xieyu/.rvm/gems/ruby-2.0.0-p353/specifications/mysql2-0.3.14.gemspec
I, [2014-01-07T10:47:03.338055 #1464]  INFO -- : 0:  rack (1.5.2) from /Users/xieyu/.rvm/gems/ruby-2.0.0-p353/specifications/rack-1.5.2.gemspec
I, [2014-01-07T10:47:03.338288 #1464]  INFO -- : 0:  rack-protection (1.5.1) from /Users/xieyu/.rvm/gems/ruby-2.0.0-p353/specifications/rack-protection-1.5.1.gemspec
I, [2014-01-07T10:47:07.635706 #1464]  INFO -- : 0:  redis (3.0.6) from /Users/xieyu/.rvm/gems/ruby-2.0.0-p353/specifications/redis-3.0.6.gemspec
I, [2014-01-07T10:47:09.208549 #1464]  INFO -- : 0:  redis-namespace (1.4.1) from /Users/xieyu/.rvm/gems/ruby-2.0.0-p353/specifications/redis-namespace-1.4.1.gemspec
I, [2014-01-07T10:47:09.208898 #1464]  INFO -- : 0:  sequel (4.5.0) from /Users/xieyu/.rvm/gems/ruby-2.0.0-p353/specifications/sequel-4.5.0.gemspec
I, [2014-01-07T10:47:22.279673 #1464]  INFO -- : 0:  sidekiq (2.17.2) from /Users/xieyu/.rvm/gems/ruby-2.0.0-p353/specifications/sidekiq-2.17.2.gemspec
I, [2014-01-07T10:47:22.280074 #1464]  INFO -- : 0:  tilt (1.4.1) from /Users/xieyu/.rvm/gems/ruby-2.0.0-p353/specifications/tilt-1.4.1.gemspec
I, [2014-01-07T10:47:22.280361 #1464]  INFO -- : 0:  sinatra (1.4.4) from /Users/xieyu/.rvm/gems/ruby-2.0.0-p353/specifications/sinatra-1.4.4.gemspec
I, [2014-01-07T10:47:22.280694 #1464]  INFO -- : 0:  sinatra-activerecord (1.2.3) from /Users/xieyu/.rvm/gems/ruby-2.0.0-p353/specifications/sinatra-activerecord-1.2.3.gemspec
I, [2014-01-07T10:47:22.281022 #1464]  INFO -- : 0:  thin (1.6.1) from /Users/xieyu/.rvm/gems/ruby-2.0.0-p353/specifications/thin-1.6.1.gemspec
I, [2014-01-07T10:47:22.281529 #1464]  INFO -- : 0:  bundler (1.5.1) from /Users/xieyu/.rvm/gems/ruby-2.0.0-p353@global/specifications/bundler-1.5.1.gemspec
I, [2014-01-07T13:35:53.541973 #2775]  INFO -- : 0:  i18n (0.6.9) from /Users/xieyu/.rvm/gems/ruby-2.0.0-p353/specifications/i18n-0.6.9.gemspec
I, [2014-01-07T13:35:53.546896 #2775]  INFO -- : 0:  minitest (4.7.5) from /Users/xieyu/.rvm/gems/ruby-2.0.0-p353/specifications/minitest-4.7.5.gemspec
I, [2014-01-07T13:35:53.547272 #2775]  INFO -- : 0:  multi_json (1.8.2) from /Users/xieyu/.rvm/gems/ruby-2.0.0-p353/specifications/multi_json-1.8.2.gemspec
I, [2014-01-07T13:35:53.547612 #2775]  INFO -- : 0:  atomic (1.1.14) from /Users/xieyu/.rvm/gems/ruby-2.0.0-p353/specifications/atomic-1.1.14.gemspec
I, [2014-01-07T13:35:53.547923 #2775]  INFO -- : 0:  thread_safe (0.1.3) from /Users/xieyu/.rvm/gems/ruby-2.0.0-p353/specifications/thread_safe-0.1.3.gemspec
I, [2014-01-07T13:35:53.548260 #2775]  INFO -- : 0:  tzinfo (0.3.38) from /Users/xieyu/.rvm/gems/ruby-2.0.0-p353/specifications/tzinfo-0.3.38.gemspec
I, [2014-01-07T13:35:53.548578 #2775]  INFO -- : 0:  activesupport (4.0.2) from /Users/xieyu/.rvm/gems/ruby-2.0.0-p353/specifications/activesupport-4.0.2.gemspec
I, [2014-01-07T13:35:53.548894 #2775]  INFO -- : 0:  builder (3.1.4) from /Users/xieyu/.rvm/gems/ruby-2.0.0-p353/specifications/builder-3.1.4.gemspec
I, [2014-01-07T13:35:53.549210 #2775]  INFO -- : 0:  activemodel (4.0.2) from /Users/xieyu/.rvm/gems/ruby-2.0.0-p353/specifications/activemodel-4.0.2.gemspec
I, [2014-01-07T13:35:53.549509 #2775]  INFO -- : 0:  activerecord-deprecated_finders (1.0.3) from /Users/xieyu/.rvm/gems/ruby-2.0.0-p353/specifications/activerecord-deprecated_finders-1.0.3.gemspec
I, [2014-01-07T13:35:53.549797 #2775]  INFO -- : 0:  arel (4.0.1) from /Users/xieyu/.rvm/gems/ruby-2.0.0-p353/specifications/arel-4.0.1.gemspec
I, [2014-01-07T13:35:53.550099 #2775]  INFO -- : 0:  activerecord (4.0.2) from /Users/xieyu/.rvm/gems/ruby-2.0.0-p353/specifications/activerecord-4.0.2.gemspec
I, [2014-01-07T13:36:01.319283 #2775]  INFO -- : 0:  backports (3.4.0) from /Users/xieyu/.rvm/gems/ruby-2.0.0-p353/specifications/backports-3.4.0.gemspec
I, [2014-01-07T13:36:01.319917 #2775]  INFO -- : 0:  timers (1.1.0) from /Users/xieyu/.rvm/gems/ruby-2.0.0-p353/specifications/timers-1.1.0.gemspec
I, [2014-01-07T13:36:01.320420 #2775]  INFO -- : 0:  celluloid (0.15.2) from /Users/xieyu/.rvm/gems/ruby-2.0.0-p353/specifications/celluloid-0.15.2.gemspec
I, [2014-01-07T13:36:01.320911 #2775]  INFO -- : 0:  connection_pool (1.2.0) from /Users/xieyu/.rvm/gems/ruby-2.0.0-p353/specifications/connection_pool-1.2.0.gemspec
I, [2014-01-07T13:36:01.321347 #2775]  INFO -- : 0:  daemons (1.1.9) from /Users/xieyu/.rvm/gems/ruby-2.0.0-p353/specifications/daemons-1.1.9.gemspec
I, [2014-01-07T13:36:01.321783 #2775]  INFO -- : 0:  eventmachine (1.0.3) from /Users/xieyu/.rvm/gems/ruby-2.0.0-p353/specifications/eventmachine-1.0.3.gemspec
I, [2014-01-07T13:36:01.322167 #2775]  INFO -- : 0:  json (1.8.1) from /Users/xieyu/.rvm/gems/ruby-2.0.0-p353/specifications/json-1.8.1.gemspec
I, [2014-01-07T13:36:01.322435 #2775]  INFO -- : 0:  mysql2 (0.3.14) from /Users/xieyu/.rvm/gems/ruby-2.0.0-p353/specifications/mysql2-0.3.14.gemspec
I, [2014-01-07T13:36:01.322681 #2775]  INFO -- : 0:  rack (1.5.2) from /Users/xieyu/.rvm/gems/ruby-2.0.0-p353/specifications/rack-1.5.2.gemspec
I, [2014-01-07T13:36:01.322936 #2775]  INFO -- : 0:  rack-protection (1.5.1) from /Users/xieyu/.rvm/gems/ruby-2.0.0-p353/specifications/rack-protection-1.5.1.gemspec
I, [2014-01-07T13:36:01.328023 #2775]  INFO -- : 0:  rack-test (0.6.2) from /Users/xieyu/.rvm/gems/ruby-2.0.0-p353/specifications/rack-test-0.6.2.gemspec
I, [2014-01-07T13:36:01.328904 #2775]  INFO -- : 0:  redis (3.0.6) from /Users/xieyu/.rvm/gems/ruby-2.0.0-p353/specifications/redis-3.0.6.gemspec
I, [2014-01-07T13:36:01.330449 #2775]  INFO -- : 0:  redis-namespace (1.4.1) from /Users/xieyu/.rvm/gems/ruby-2.0.0-p353/specifications/redis-namespace-1.4.1.gemspec
I, [2014-01-07T13:36:01.331195 #2775]  INFO -- : 0:  sequel (4.5.0) from /Users/xieyu/.rvm/gems/ruby-2.0.0-p353/specifications/sequel-4.5.0.gemspec
I, [2014-01-07T13:36:01.331792 #2775]  INFO -- : 0:  sidekiq (2.17.2) from /Users/xieyu/.rvm/gems/ruby-2.0.0-p353/specifications/sidekiq-2.17.2.gemspec
I, [2014-01-07T13:36:01.332843 #2775]  INFO -- : 0:  tilt (1.4.1) from /Users/xieyu/.rvm/gems/ruby-2.0.0-p353/specifications/tilt-1.4.1.gemspec
I, [2014-01-07T13:36:01.333824 #2775]  INFO -- : 0:  sinatra (1.4.4) from /Users/xieyu/.rvm/gems/ruby-2.0.0-p353/specifications/sinatra-1.4.4.gemspec
I, [2014-01-07T13:36:01.334576 #2775]  INFO -- : 0:  sinatra-activerecord (1.2.3) from /Users/xieyu/.rvm/gems/ruby-2.0.0-p353/specifications/sinatra-activerecord-1.2.3.gemspec
I, [2014-01-07T13:36:08.995322 #2775]  INFO -- : 0:  sinatra-contrib (1.4.2) from /Users/xieyu/.rvm/gems/ruby-2.0.0-p353/specifications/sinatra-contrib-1.4.2.gemspec
I, [2014-01-07T13:36:08.995896 #2775]  INFO -- : 0:  thin (1.6.1) from /Users/xieyu/.rvm/gems/ruby-2.0.0-p353/specifications/thin-1.6.1.gemspec
I, [2014-01-07T13:36:08.996200 #2775]  INFO -- : 0:  bundler (1.5.1) from /Users/xieyu/.rvm/gems/ruby-2.0.0-p353@global/specifications/bundler-1.5.1.gemspec
